[2026-07-03T16:48:46.114Z] GET https://ghlhire.com/jobs → pending (?ms, ?B)
[2026-07-03T16:48:50.382Z] GET https://ghlhire.com/_next/static/chunks/13ea178a9f2686bf.css → 200 (300ms, 10439B)
[2026-07-03T16:48:50.383Z] GET https://ghlhire.com/_next/static/chunks/b3a22b65ecc2ecd3.js → 200 (263ms, 2520B)
[2026-07-03T16:48:50.383Z] GET https://ghlhire.com/_next/static/chunks/30667e26c8ac0184.js → 200 (86ms, 11322B)
[2026-07-03T16:48:50.383Z] GET https://ghlhire.com/_next/static/chunks/94bde6376cf279be.js → 200 (337ms, 64760B)
[2026-07-03T16:48:50.383Z] GET https://ghlhire.com/_next/static/chunks/d87744e31720578a.js → 200 (337ms, 21913B)
[2026-07-03T16:48:50.383Z] GET https://ghlhire.com/_next/static/chunks/a1abc7dc5594304c.js → 200 (131ms, 14206B)
[2026-07-03T16:48:50.383Z] GET https://ghlhire.com/_next/static/chunks/turbopack-f168a7ada750c926.js → 200 (260ms, 3893B)
[2026-07-03T16:48:50.383Z] GET https://ghlhire.com/_next/static/chunks/51fc6b75fc9a2d5a.js → 200 (337ms, 9422B)
[2026-07-03T16:48:50.383Z] GET https://ghlhire.com/_next/static/chunks/4697f0527a1c0797.js → 200 (264ms, 48485B)
[2026-07-03T16:48:50.383Z] GET https://ghlhire.com/_next/static/chunks/ff1a16fafef87110.js → 200 (46ms, 461B)
[2026-07-03T16:48:50.383Z] GET https://ghlhire.com/_next/static/chunks/247eb132b7f7b574.js → 200 (125ms, 6725B)
[2026-07-03T16:48:50.383Z] GET https://ghlhire.com/_next/static/chunks/b49fa6ea3df0f0d9.js → 200 (86ms, 4357B)
[2026-07-03T16:48:50.383Z] GET https://ghlhire.com/_next/static/chunks/5222dacfac60c220.js → 200 (131ms, 8420B)
[2026-07-03T16:48:50.385Z] GET https://www.googletagmanager.com/gtag/js?id=G-3CXJJSEKBQ → pending (?ms, ?B)
[2026-07-03T16:48:50.769Z] GET https://www.googletagmanager.com/gtag/js?id=G-3CXJJSEKBQ → pending (?ms, ?B)
[2026-07-03T16:48:50.773Z] GET https://ghlhire.com/employers?_rsc=3heop → pending (?ms, ?B)
[2026-07-03T16:48:50.773Z] GET https://ghlhire.com/jobs?_rsc=3heop → pending (?ms, ?B)
[2026-07-03T16:48:50.773Z] GET https://ghlhire.com/?_rsc=3heop → pending (?ms, ?B)
[2026-07-03T16:48:50.775Z] GET https://ghlhire.com/signup?_rsc=3heop → pending (?ms, ?B)
[2026-07-03T16:48:50.776Z] GET https://eoeswwcxfjvquhjhhewq.supabase.co/rest/v1/jobs?select=*%2Ccompany%3Acompanies%28company_name%2Clogo_url%29&status=eq.active&order=created_at.desc&offset=0&limit=20 → pending (?ms, ?B)
[2026-07-03T16:48:51.287Z] GET https://ghlhire.com/signin?_rsc=3heop → 200 (442ms, 707B)
[2026-07-03T16:48:51.772Z] POST https://ghlhire.com/jobs → pending (?ms, ?B)
[2026-07-03T16:48:51.781Z] GET https://ghlhire.com/terms?_rsc=3heop → pending (?ms, ?B)
[2026-07-03T16:48:52.214Z] POST https://ghlhire.com/jobs → 200 (380ms, 322B)
[2026-07-03T16:48:52.340Z] GET https://ghlhire.com/privacy?_rsc=3heop → 200 (444ms, 547B)
[2026-07-03T16:48:52.595Z] POST https://ghlhire.com/jobs → 200 (375ms, 159B)
[2026-07-03T16:48:52.823Z] GET https://ghlhire.com/jobs/ghl-snapshot-developer-7cd90f1a?_rsc=3heop → pending (?ms, ?B)
[2026-07-03T16:48:52.970Z] POST https://ghlhire.com/jobs → pending (?ms, 184B)
[2026-07-03T16:48:53.209Z] GET https://ghlhire.com/jobs/client-success-manager-gohighlevel-agency-2276ba83?_rsc=3heop → 200 (330ms, 431B)
[2026-07-03T16:48:53.337Z] POST https://ghlhire.com/jobs → 200 (351ms, 181B)
[2026-07-03T16:48:53.540Z] GET https://ghlhire.com/terms?_rsc=wyjio → 200 (376ms, 3388B)
[2026-07-03T16:48:53.540Z] GET https://ghlhire.com/terms?_rsc=1x0b9 → pending (?ms, ?B)
[2026-07-03T16:48:53.688Z] POST https://ghlhire.com/jobs → 200 (354ms, 155B)
[2026-07-03T16:48:54.043Z] POST https://ghlhire.com/jobs → pending (?ms, ?B)
[2026-07-03T16:48:54.384Z] GET https://ghlhire.com/terms?_rsc=ddq3z → 200 (564ms, 656B)
[2026-07-03T16:48:54.403Z] POST https://ghlhire.com/jobs → pending (?ms, 155B)
[2026-07-03T16:48:54.465Z] GET https://ghlhire.com/terms?_rsc=15mg3 → pending (?ms, ?B)
[2026-07-03T16:48:54.579Z] GET https://ghlhire.com/privacy?_rsc=wyjio → pending (?ms, ?B)
[2026-07-03T16:48:54.654Z] GET https://ghlhire.com/privacy?_rsc=1woty → pending (?ms, ?B)
[2026-07-03T16:48:54.984Z] GET https://ghlhire.com/privacy?_rsc=1574x → pending (?ms, ?B)
[2026-07-03T16:48:55.104Z] POST https://ghlhire.com/jobs → 200 (468ms, 272B)
[2026-07-03T16:48:55.208Z] GET https://ghlhire.com/jobs/ghl-snapshot-developer-7cd90f1a?_rsc=dt9as → 200 (436ms, ?B)
[2026-07-03T16:48:55.417Z] GET https://ghlhire.com/jobs/client-success-manager-gohighlevel-agency-2276ba83?_rsc=dt9as → 200 (452ms, ?B)
[2026-07-03T16:48:55.573Z] POST https://ghlhire.com/jobs → 200 (377ms, ?B)
[2026-07-03T16:48:55.631Z] GET https://ghlhire.com/_next/static/chunks/5450e8494b4a71fe.js → 200 (365ms, 4547B)
[2026-07-03T16:48:55.668Z] GET https://ghlhire.com/signup?_rsc=wyjio → pending (?ms, ?B)
[2026-07-03T16:48:55.682Z] GET https://ghlhire.com/signup?_rsc=5yfq6 → pending (?ms, ?B)
[2026-07-03T16:48:55.869Z] GET https://ghlhire.com/signup?_rsc=1a98i → pending (?ms, ?B)
[2026-07-03T16:48:55.951Z] GET https://ghlhire.com/signin?_rsc=wyjio → pending (?ms, ?B)
[2026-07-03T16:48:55.951Z] POST https://ghlhire.com/jobs → pending (?ms, 184B)
[2026-07-03T16:48:56.426Z] POST https://ghlhire.com/jobs → 200 (378ms, 160B)
[2026-07-03T16:48:56.432Z] GET https://ghlhire.com/signin?_rsc=1xx5t → 200 (456ms, 503B)
[2026-07-03T16:48:56.434Z] GET https://ghlhire.com/signin?_rsc=zlkdo → pending (?ms, ?B)
[2026-07-03T16:48:56.508Z] GET https://ghlhire.com/_next/static/chunks/6e9216bb2cd62975.js → 200 (420ms, 11213B)
[2026-07-03T16:48:56.538Z] GET https://ghlhire.com/employers?_rsc=wyjio → 200 (390ms, 2946B)
[2026-07-03T16:48:56.540Z] GET https://ghlhire.com/employers?_rsc=agffo → pending (?ms, ?B)
[2026-07-03T16:48:56.804Z] POST https://ghlhire.com/jobs → pending (?ms, 247B)
[2026-07-03T16:48:56.927Z] GET https://ghlhire.com/employers?_rsc=cxyc2 → pending (?ms, ?B)
[2026-07-03T16:48:56.953Z] GET https://ghlhire.com/jobs?_rsc=wyjio → pending (?ms, ?B)
[2026-07-03T16:48:57.159Z] POST https://ghlhire.com/jobs → 200 (350ms, 204B)
[2026-07-03T16:48:57.271Z] GET https://ghlhire.com/_next/static/chunks/b3dad6eb081304ae.js → 200 (345ms, 10558B)
[2026-07-03T16:48:57.307Z] GET https://ghlhire.com/jobs?_rsc=24csz → 200 (484ms, 628B)
[2026-07-03T16:48:57.365Z] GET https://ghlhire.com/jobs?_rsc=17lyq → 200 (388ms, 1718B)
[2026-07-03T16:48:57.423Z] GET https://ghlhire.com/?_rsc=dt9as → 200 (344ms, 3601B)
[2026-07-03T16:48:57.509Z] POST https://ghlhire.com/jobs → 200 (371ms, ?B)
[2026-07-03T16:48:57.882Z] POST https://ghlhire.com/jobs → pending (?ms, 246B)
[2026-07-03T16:48:58.244Z] POST https://ghlhire.com/jobs → 200 (337ms, 204B)
